<?xml version="1.0" encoding="UTF-8"?>
<!-- Generated by org.testng.reporters.JUnitReportReporter -->
<testsuite hostname="DESKTOP-0ILH338" failures="0" tests="2" name="MyTestCases" time="0.899" errors="0" timestamp="2024-08-03T15:12:10 EET" skipped="0">
  <testcase classname="MyTestCases" name="myTest" time="0.613"/>
  <system-out/>
  <testcase classname="MyTestCases" name="addtoCartAllItems" time="0.286"/>
  <system-out/>
</testsuite> <!-- MyTestCases -->
